<html>
<head>
<title>TestNG:  Test</title>
<link href="../testng.css" rel="stylesheet" type="text/css" />
<link href="../my-testng.css" rel="stylesheet" type="text/css" />

<style type="text/css">
.log { display: none;} 
.stack-trace { display: none;} 
</style>
<script type="text/javascript">
<!--
function flip(e) {
  current = e.style.display;
  if (current == 'block') {
    e.style.display = 'none';
    return 0;
  }
  else {
    e.style.display = 'block';
    return 1;
  }
}

function toggleBox(szDivId, elem, msg1, msg2)
{
  var res = -1;  if (document.getElementById) {
    res = flip(document.getElementById(szDivId));
  }
  else if (document.all) {
    // this is the way old msie versions work
    res = flip(document.all[szDivId]);
  }
  if(elem) {
    if(res == 0) elem.innerHTML = msg1; else elem.innerHTML = msg2;
  }

}

function toggleAllBoxes() {
  if (document.getElementsByTagName) {
    d = document.getElementsByTagName('div');
    for (i = 0; i < d.length; i++) {
      if (d[i].className == 'log') {
        flip(d[i]);
      }
    }
  }
}

// -->
</script>

</head>
<body>
<h2 align='center'>Test</h2><table border='1' align="center">
<tr>
<td>Tests passed/Failed/Skipped:</td><td>0/0/1</td>
</tr><tr>
<td>Started on:</td><td>Sat Feb 03 18:48:58 IST 2018</td>
</tr>
<tr><td>Total time:</td><td>41 seconds (41550 ms)</td>
</tr><tr>
<td>Included groups:</td><td></td>
</tr><tr>
<td>Excluded groups:</td><td></td>
</tr>
</table><p/>
<small><i>(Hover the method name to see the test class name)</i></small><p/>
<table width='100%' border='1' class='invocation-skipped'>
<tr><td colspan='4' align='center'><b>SKIPPED TESTS</b></td></tr>
<tr><td><b>Test method</b></td>
<td width="30%"><b>Exception</b></td>
<td width="10%"><b>Time (seconds)</b></td>
<td><b>Instance</b></td>
</tr>
<tr>
<td title='TestCases.TestngTestRunner.run_cukes()'><b>run_cukes</b><br>Test class: TestCases.TestngTestRunner<br>Test method: Runs Cucumber Features<br/>
<a href="#Output-1976166251" onClick='toggleBox("Output-1976166251", this, "Show output", "Hide output");'>Show output</a>

<a href="#Output-1976166251" onClick="toggleAllBoxes();">Show all outputs</a>
<div class='log' id="Output-1976166251">
<div "featureFile">Feature File: onboard.feature</div><br/>
<div "feature">Feature: To complete the flow of onboarding</div><br/>
<div "scenario">Scenario: Step by Step Execution of onboard Flow</div><br/>
<div "result">Given  I am navigating to site (passed : 7s)</div><br/>
<div "result">And  Select a Location &quot;Bengaluru&quot; (passed : 0s)</div><br/>
<div "result">And  Select a Product &quot;Most Popular&quot; &quot;Aashirvaad Shudh Chakki Whole Wheat Atta&quot; (passed : 8s)</div><br/>
<div "result">And  Login into Groffers with username &quot;9205789599&quot; and password &quot;4,1,7,2&quot; (passed : 11s)</div><br/>
<div "result">And  Proceed to Checkout witn number of items &quot;2&quot; and bill &quot;632&quot; (failed : 0s)</div><br/>
<div "scenario">Scenario: Step by Step Execution of onboard Flow with selecting multiple items</div><br/>
<div "result">Given  I am navigating to site (passed : 4s)</div><br/>
<div "result">And  Select a Location &quot;Bengaluru&quot; (failed : 0s)</div><br/>
<div "result">And  Select a Product &quot;Most Popular&quot; &quot;Aashirvaad Shudh Chakki Whole Wheat Atta&quot; (skipped)</div><br/>
<div "result">And  Select a Product &quot;Most Popular&quot; &quot;Kellogg&#x27;s Original &amp; the Best Corn Flakes (Pouch)&quot; (skipped)</div><br/>
<div "result">And  Login into Groffers with username &quot;9205789599&quot; and password &quot;4,1,7,2&quot; (skipped)</div><br/>
<div "result">And  Proceed to Checkout witn number of items &quot;2&quot; and bill &quot;632&quot; (skipped)</div><br/>
</div>
</td>
<td><div><pre>cucumber.runtime.CucumberException: java.lang.AssertionError: expected [2] but found [1]
	at cucumber.api.testng.TestNGCucumberRunner.runCukes(TestNGCucumberRunner.java:58)
	at TestCases.TestngTestRunner.run_cukes(TestngTestRunner.java:31)
Caused by: java.lang.AssertionError: expected [2] but found [1]
	at BusinessComponent.onboard.assertCart(onboard.java:68)
	at TestCases.StepDefinition.checkout(StepDefinition.java:38)
	at ?.And Proceed to Checkout witn number of items &quot;2&quot; and bill &quot;632&quot;(onboard.feature:9)
... Removed 31 stack frames</pre></div><a href='#' onClick='toggleBox("stack-trace1976166251", this, "Click to show all stack frames", "Click to hide stack frames")'>Click to show all stack frames</a>
<div class='stack-trace' id='stack-trace1976166251'><pre>cucumber.runtime.CucumberException: java.lang.AssertionError: expected [2] but found [1]
	at cucumber.api.testng.TestNGCucumberRunner.runCukes(TestNGCucumberRunner.java:58)
	at TestCases.TestngTestRunner.run_cukes(TestngTestRunner.java:31)
	at sun.reflect.NativeMethodAccessorImpl.invoke0(Native Method)
	at sun.reflect.NativeMethodAccessorImpl.invoke(NativeMethodAccessorImpl.java:62)
	at sun.reflect.DelegatingMethodAccessorImpl.invoke(DelegatingMethodAccessorImpl.java:43)
	at java.lang.reflect.Method.invoke(Method.java:498)
	at org.testng.internal.MethodInvocationHelper.invokeMethod(MethodInvocationHelper.java:124)
	at org.testng.internal.Invoker.invokeMethod(Invoker.java:571)
	at org.testng.internal.Invoker.invokeTestMethod(Invoker.java:707)
	at org.testng.internal.Invoker.invokeTestMethods(Invoker.java:979)
	at org.testng.internal.TestMethodWorker.invokeTestMethods(TestMethodWorker.java:125)
	at org.testng.internal.TestMethodWorker.run(TestMethodWorker.java:109)
	at org.testng.TestRunner.privateRun(TestRunner.java:648)
	at org.testng.TestRunner.run(TestRunner.java:505)
	at org.testng.SuiteRunner.runTest(SuiteRunner.java:455)
	at org.testng.SuiteRunner.runSequentially(SuiteRunner.java:450)
	at org.testng.SuiteRunner.privateRun(SuiteRunner.java:415)
	at org.testng.SuiteRunner.run(SuiteRunner.java:364)
	at org.testng.SuiteRunnerWorker.runSuite(SuiteRunnerWorker.java:52)
	at org.testng.SuiteRunnerWorker.run(SuiteRunnerWorker.java:84)
	at org.testng.TestNG.runSuitesSequentially(TestNG.java:1187)
	at org.testng.TestNG.runSuitesLocally(TestNG.java:1116)
	at org.testng.TestNG.runSuites(TestNG.java:1028)
	at org.testng.TestNG.run(TestNG.java:996)
	at org.testng.remote.AbstractRemoteTestNG.run(AbstractRemoteTestNG.java:114)
	at org.testng.remote.RemoteTestNG.initAndRun(RemoteTestNG.java:251)
	at org.testng.remote.RemoteTestNG.main(RemoteTestNG.java:77)
Caused by: java.lang.AssertionError: expected [2] but found [1]
	at org.testng.Assert.fail(Assert.java:96)
	at org.testng.Assert.failNotEquals(Assert.java:776)
	at org.testng.Assert.assertEqualsImpl(Assert.java:137)
	at org.testng.Assert.assertEquals(Assert.java:118)
	at org.testng.Assert.assertEquals(Assert.java:453)
	at org.testng.Assert.assertEquals(Assert.java:463)
	at BusinessComponent.onboard.assertCart(onboard.java:68)
	at TestCases.StepDefinition.checkout(StepDefinition.java:38)
	at ?.And Proceed to Checkout witn number of items &quot;2&quot; and bill &quot;632&quot;(onboard.feature:9)
</pre></div></td>
<td>34</td>
<td>TestCases.TestngTestRunner@757942a1</td></tr>
</table><p>
</body>
</html>